#
# A fatal error has been detected by the Java Runtime Environment:
#
#  EXCEPTION_ACCESS_VIOLATION (0xc0000005) at pc=0x00007fffbd129484, pid=10356, tid=14936
#
# JRE version: Java(TM) SE Runtime Environment 18.9 (11.0.21+9) (build 11.0.21+9-LTS-193)
# Java VM: Java HotSpot(TM) 64-Bit Server VM 18.9 (11.0.21+9-LTS-193, mixed mode, tiered, compressed oops, g1 gc, windows-amd64)
# Problematic frame:
# V  [jvm.dll+0x219484]
#
# No core dump will be written. Minidumps are not enabled by default on client versions of Windows
#
# If you would like to submit a bug report, please visit:
#   https://bugreport.java.com/bugreport/crash.jsp
#

---------------  S U M M A R Y ------------

Command Line: -Dclassworlds.conf=C:\\apache-maven-3.9.7\\bin\\m2.conf -Dmaven.home=C:\\apache-maven-3.9.7 -Dlibrary.jansi.path=C:\\apache-maven-3.9.7\\lib\\jansi-native -Dmaven.multiModuleProjectDirectory=C:\\Barbershop org.codehaus.plexus.classworlds.launcher.Launcher clean package spring-boot:run

Host: AMD Ryzen 3 3200G with Radeon Vega Graphics    , 4 cores, 15G,  Windows 11 , 64 bit Build 22621 (10.0.22621.3527)
Time: Sun Jun  2 00:21:58 2024 RTZ 4 (s 11 , 64 bit Build 22621 (10.0.22621.3527) elapsed time: 3.068311 seconds (0d 0h 0m 3s)

---------------  T H R E A D  ---------------

Current thread (0x0000024b24022800):  JavaThread "C2 CompilerThread1" daemon [_thread_in_native, id=14936, stack(0x000000c06e800000,0x000000c06e900000)]


Current CompileTask:
C2:   3068 3857   !   4       org.codehaus.plexus.interpolation.StringSearchInterpolator::interpolate (668 bytes)

Stack: [0x000000c06e800000,0x000000c06e900000],  sp=0x000000c06e8fd9e0,  free space=1014k
Native frames: (J=compiled Java code, j=interpreted, Vv=VM code, C=native code)
V  [jvm.dll+0x219484]
V  [jvm.dll+0x68adda]
V  [jvm.dll+0x21a317]
V  [jvm.dll+0x21095d]
V  [jvm.dll+0x18cdb1]
V  [jvm.dll+0x220e99]
V  [jvm.dll+0x21f1bc]
V  [jvm.dll+0x7673c1]
V  [jvm.dll+0x75fc44]
V  [jvm.dll+0x65f435]
C  [ucrtbase.dll+0x29333]
C  [KERNEL32.DLL+0x1257d]
C  [ntdll.dll+0x5aa48]


siginfo: EXCEPTION_ACCESS_VIOLATION (0xc0000005), reading address 0xffffffffffffffff


Register to memory mapping:

RIP=0x00007fffbd129484 jvm.dll
RAX=0x8000736c616f4774 is an unknown value
RBX=0x000000c06e8fdaa0 is pointing into the stack for thread: 0x0000024b24022800
RCX=64 is a compressed pointer to class: 0x0000000800000040
RDX=0x0000024b27062234 points into unknown readable memory: 7f 70 00 00
RSP=0x000000c06e8fd9e0 is pointing into the stack for thread: 0x0000024b24022800
RBP=0x00000000880010ff is an unknown value
RSI=0x0000000000000e15 is an unknown value
RDI=0x0 is NULL
R8 =64 is a compressed pointer to class: 0x0000000800000040
R9 =0x0000000000000100 is an unknown value
R10=0x00007ff80c6b0000 VCRUNTIME140.dll
R11=0x00007ff80c6b1bf7 VCRUNTIME140.dll
R12=0x000000000000080f is an unknown value
R13=0x0000000000050248 is an unknown value
R14=0x0 is NULL
R15=0x0000024b239d1c30 points into unknown readable memory: 0x6567f976000c0008 | 08 00 0c 00 76 f9 67 65


Registers:
RAX=0x8000736c616f4774, RBX=0x000000c06e8fdaa0, RCX=0x0000000000000040, RDX=0x0000024b27062234
RSP=0x000000c06e8fd9e0, RBP=0x00000000880010ff, RSI=0x0000000000000e15, RDI=0x0000000000000000
R8 =0x0000000000000040, R9 =0x0000000000000100, R10=0x00007ff80c6b0000, R11=0x00007ff80c6b1bf7
R12=0x000000000000080f, R13=0x0000000000050248, R14=0x0000000000000000, R15=0x0000024b239d1c30
RIP=0x00007fffbd129484, EFLAGS=0x0000000000010246

Top of Stack: (sp=0x000000c06e8fd9e0)
0x000000c06e8fd9e0:   000000c06e8fdaa0 000000000000080e
0x000000c06e8fd9f0:   000000c06e8fe840 00007fffbd599c80
0x000000c06e8fda00:   000000c06e8fdc20 0000024b2445c128
0x000000c06e8fda10:   0000000000000000 000000c06e8fda90
0x000000c06e8fda20:   0000024b23e3a400 00007fffbd59adda
0x000000c06e8fda30:   0000024b23e3a400 000000c06e8fddd0
0x000000c06e8fda40:   0000000000000001 0000024b239d9ee8
0x000000c06e8fda50:   0000024b2445a0c0 0000000000000001
0x000000c06e8fda60:   0000024b23e3a400 00007fffbd12a317
0x000000c06e8fda70:   000000c06e8fdc50 000000c06e8fe840
0x000000c06e8fda80:   0000024b24454140 0000024b23b097e0
0x000000c06e8fda90:   0000024b00000002 000000c06e8fe840
0x000000c06e8fdaa0:   0000024b23e3a400 0000000000008000
0x000000c06e8fdab0:   0000024b24d10ff0 0000024b00000e16
0x000000c06e8fdac0:   00007fffbd809af0 0000024b23e3a400
0x000000c06e8fdad0:   00007fff04000000 0000024b27062050 

Instructions: (pc=0x00007fffbd129484)
0x00007fffbd129464:   4e 8b 3c e0 41 8b 47 1c 85 c0 0f 84 94 00 00 00
0x00007fffbd129474:   45 33 f6 8b e8 0f 1f 80 00 00 00 00 49 8b 47 08
0x00007fffbd129484:   49 8b 3c 06 48 85 ff 74 6d 40 f6 c7 01 75 67 48
0x00007fffbd129494:   83 3f fe 74 61 8b 4f 28 8b c1 c1 e8 05 3b 43 30 


Stack slot to memory mapping:
stack at sp + 0 slots: 0x000000c06e8fdaa0 is pointing into the stack for thread: 0x0000024b24022800
stack at sp + 1 slots: 0x000000000000080e is an unknown value
stack at sp + 2 slots: 0x000000c06e8fe840 is pointing into the stack for thread: 0x0000024b24022800
stack at sp + 3 slots: 0x00007fffbd599c80 jvm.dll
stack at sp + 4 slots: 0x000000c06e8fdc20 is pointing into the stack for thread: 0x0000024b24022800
stack at sp + 5 slots: 0x0000024b2445c128 points into unknown readable memory: 0x0845ab388c7197f5 | f5 97 71 8c 38 ab 45 08
stack at sp + 6 slots: 0x0 is NULL
stack at sp + 7 slots: 0x000000c06e8fda90 is pointing into the stack for thread: 0x0000024b24022800


---------------  P R O C E S S  ---------------

Threads class SMR info:
_java_thread_list=0x0000024b24b34070, length=12, elements={
0x0000024b7bb80000, 0x0000024b22a97000, 0x0000024b22a98000, 0x0000024b2339a000,
0x0000024b2339c000, 0x0000024b2339f000, 0x0000024b233a2800, 0x0000024b233a7000,
0x0000024b233b1800, 0x0000024b2352f800, 0x0000024b24022800, 0x0000024b24a3b000
}

Java Threads: ( => current thread )
  0x0000024b7bb80000 JavaThread "main" [_thread_in_vm, id=14940, stack(0x000000c06d700000,0x000000c06d800000)]
  0x0000024b22a97000 JavaThread "Reference Handler" daemon [_thread_blocked, id=10944, stack(0x000000c06de00000,0x000000c06df00000)]
  0x0000024b22a98000 JavaThread "Finalizer" daemon [_thread_blocked, id=14860, stack(0x000000c06df00000,0x000000c06e000000)]
  0x0000024b2339a000 JavaThread "Signal Dispatcher" daemon [_thread_blocked, id=15040, stack(0x000000c06e000000,0x000000c06e100000)]
  0x0000024b2339c000 JavaThread "Attach Listener" daemon [_thread_blocked, id=3172, stack(0x000000c06e100000,0x000000c06e200000)]
  0x0000024b2339f000 JavaThread "Service Thread" daemon [_thread_blocked, id=12700, stack(0x000000c06e200000,0x000000c06e300000)]
  0x0000024b233a2800 JavaThread "C2 CompilerThread0" daemon [_thread_in_native, id=11624, stack(0x000000c06e300000,0x000000c06e400000)]
  0x0000024b233a7000 JavaThread "C1 CompilerThread0" daemon [_thread_blocked, id=5672, stack(0x000000c06e400000,0x000000c06e500000)]
  0x0000024b233b1800 JavaThread "Sweeper thread" daemon [_thread_blocked, id=12536, stack(0x000000c06e500000,0x000000c06e600000)]
  0x0000024b2352f800 JavaThread "Common-Cleaner" daemon [_thread_blocked, id=1424, stack(0x000000c06e700000,0x000000c06e800000)]
=>0x0000024b24022800 JavaThread "C2 CompilerThread1" daemon [_thread_in_native, id=14936, stack(0x000000c06e800000,0x000000c06e900000)]
  0x0000024b24a3b000 JavaThread "Thread-1" daemon [_thread_blocked, id=13804, stack(0x000000c06ec00000,0x000000c06ed00000)]

Other Threads:
  0x0000024b22a94000 VMThread "VM Thread" [stack: 0x000000c06dd00000,0x000000c06de00000] [id=11944]
  0x0000024b23516800 WatcherThread [stack: 0x000000c06e600000,0x000000c06e700000] [id=11648]
  0x0000024b7bb94800 GCTaskThread "GC Thread#0" [stack: 0x000000c06d800000,0x000000c06d900000] [id=14388]
  0x0000024b24683800 GCTaskThread "GC Thread#1" [stack: 0x000000c06e900000,0x000000c06ea00000] [id=12412]
  0x0000024b23bbc800 GCTaskThread "GC Thread#2" [stack: 0x000000c06ea00000,0x000000c06eb00000] [id=14096]
  0x0000024b23e40800 GCTaskThread "GC Thread#3" [stack: 0x000000c06eb00000,0x000000c06ec00000] [id=14104]
  0x0000024b7bbf0800 ConcurrentGCThread "G1 Main Marker" [stack: 0x000000c06d900000,0x000000c06da00000] [id=5716]
  0x0000024b7bbf2000 ConcurrentGCThread "G1 Conc#0" [stack: 0x000000c06da00000,0x000000c06db00000] [id=1300]
  0x0000024b2297b800 ConcurrentGCThread "G1 Refine#0" [stack: 0x000000c06db00000,0x000000c06dc00000] [id=10684]
  0x0000024b2297d800 ConcurrentGCThread "G1 Young RemSet Sampling" [stack: 0x000000c06dc00000,0x000000c06dd00000] [id=15224]

Threads with active compile tasks:
C2 CompilerThread0     3089 3894       4       java.lang.StringCoding::decodeUTF8_0 (897 bytes)
C1 CompilerThread0     3089 3918       3       org.eclipse.aether.repository.RemoteRepository::<init> (443 bytes)
C2 CompilerThread1     3089 3857   !   4       org.codehaus.plexus.interpolation.StringSearchInterpolator::interpolate (668 bytes)

VM state:not at safepoint (normal execution)

VM Mutex/Monitor currently owned by a thread: None

Heap address: 0x0000000701000000, size: 4080 MB, Compressed Oops mode: Zero based, Oop shift amount: 3
Narrow klass base: 0x0000000800000000, Narrow klass shift: 0
Compressed class space size: 1073741824 Address: 0x0000000800000000

Heap:
 garbage-first heap   total 262144K, used 74219K [0x0000000701000000, 0x0000000800000000)
  region size 1024K, 71 young (72704K), 4 survivors (4096K)
 Metaspace       used 24253K, capacity 24876K, committed 25216K, reserved 1071104K
  class space    used 2622K, capacity 2840K, committed 2944K, reserved 1048576K
Heap Regions: E=young(eden), S=young(survivor), O=old, HS=humongous(starts), HC=humongous(continues), CS=collection set, F=free, A=archive, TAMS=top-at-mark-start (previous, next)
|   0|0x0000000701000000, 0x0000000701100000, 0x0000000701100000|100%| O|  |TAMS 0x0000000701100000, 0x0000000701000000| Untracked 
|   1|0x0000000701100000, 0x0000000701200000, 0x0000000701200000|100%| O|  |TAMS 0x0000000701200000, 0x0000000701100000| Untracked 
|   2|0x0000000701200000, 0x0000000701300000, 0x0000000701300000|100%| O|  |TAMS 0x0000000701300000, 0x0000000701200000| Untracked 
|   3|0x0000000701300000, 0x0000000701324e00, 0x0000000701400000| 14%| O|  |TAMS 0x0000000701324e00, 0x0000000701300000| Untracked 
|   4|0x0000000701400000, 0x0000000701400000, 0x0000000701500000|  0%| F|  |TAMS 0x0000000701400000, 0x0000000701400000| Untracked 
|   5|0x0000000701500000, 0x0000000701500000, 0x0000000701600000|  0%| F|  |TAMS 0x0000000701500000, 0x0000000701500000| Untracked 
|   6|0x0000000701600000, 0x0000000701600000, 0x0000000701700000|  0%| F|  |TAMS 0x0000000701600000, 0x0000000701600000| Untracked 
|   7|0x0000000701700000, 0x0000000701700000, 0x0000000701800000|  0%| F|  |TAMS 0x0000000701700000, 0x0000000701700000| Untracked 
|   8|0x0000000701800000, 0x0000000701800000, 0x0000000701900000|  0%| F|  |TAMS 0x0000000701800000, 0x0000000701800000| Untracked 
|   9|0x0000000701900000, 0x0000000701900000, 0x0000000701a00000|  0%| F|  |TAMS 0x0000000701900000, 0x0000000701900000| Untracked 
|  10|0x0000000701a00000, 0x0000000701a00000, 0x0000000701b00000|  0%| F|  |TAMS 0x0000000701a00000, 0x0000000701a00000| Untracked 
|  11|0x0000000701b00000, 0x0000000701b00000, 0x0000000701c00000|  0%| F|  |TAMS 0x0000000701b00000, 0x0000000701b00000| Untracked 
|  12|0x0000000701c00000, 0x0000000701c00000, 0x0000000701d00000|  0%| F|  |TAMS 0x0000000701c00000, 0x0000000701c00000| Untracked 
|  13|0x0000000701d00000, 0x0000000701d00000, 0x0000000701e00000|  0%| F|  |TAMS 0x0000000701d00000, 0x0000000701d00000| Untracked 
|  14|0x0000000701e00000, 0x0000000701e00000, 0x0000000701f00000|  0%| F|  |TAMS 0x0000000701e00000, 0x0000000701e00000| Untracked 
|  15|0x0000000701f00000, 0x0000000701f00000, 0x0000000702000000|  0%| F|  |TAMS 0x0000000701f00000, 0x0000000701f00000| Untracked 
|  16|0x0000000702000000, 0x0000000702000000, 0x0000000702100000|  0%| F|  |TAMS 0x0000000702000000, 0x0000000702000000| Untracked 
|  17|0x0000000702100000, 0x0000000702100000, 0x0000000702200000|  0%| F|  |TAMS 0x0000000702100000, 0x0000000702100000| Untracked 
|  18|0x0000000702200000, 0x0000000702200000, 0x0000000702300000|  0%| F|  |TAMS 0x0000000702200000, 0x0000000702200000| Untracked 
|  19|0x0000000702300000, 0x0000000702300000, 0x0000000702400000|  0%| F|  |TAMS 0x0000000702300000, 0x0000000702300000| Untracked 
|  20|0x0000000702400000, 0x0000000702400000, 0x0000000702500000|  0%| F|  |TAMS 0x0000000702400000, 0x0000000702400000| Untracked 
|  21|0x0000000702500000, 0x0000000702500000, 0x0000000702600000|  0%| F|  |TAMS 0x0000000702500000, 0x0000000702500000| Untracked 
|  22|0x0000000702600000, 0x0000000702600000, 0x0000000702700000|  0%| F|  |TAMS 0x0000000702600000, 0x0000000702600000| Untracked 
|  23|0x0000000702700000, 0x0000000702700000, 0x0000000702800000|  0%| F|  |TAMS 0x0000000702700000, 0x0000000702700000| Untracked 
|  24|0x0000000702800000, 0x0000000702800000, 0x0000000702900000|  0%| F|  |TAMS 0x0000000702800000, 0x0000000702800000| Untracked 
|  25|0x0000000702900000, 0x0000000702900000, 0x0000000702a00000|  0%| F|  |TAMS 0x0000000702900000, 0x0000000702900000| Untracked 
|  26|0x0000000702a00000, 0x0000000702a00000, 0x0000000702b00000|  0%| F|  |TAMS 0x0000000702a00000, 0x0000000702a00000| Untracked 
|  27|0x0000000702b00000, 0x0000000702b00000, 0x0000000702c00000|  0%| F|  |TAMS 0x0000000702b00000, 0x0000000702b00000| Untracked 
|  28|0x0000000702c00000, 0x0000000702c00000, 0x0000000702d00000|  0%| F|  |TAMS 0x0000000702c00000, 0x0000000702c00000| Untracked 
|  29|0x0000000702d00000, 0x0000000702d00000, 0x0000000702e00000|  0%| F|  |TAMS 0x0000000702d00000, 0x0000000702d00000| Untracked 
|  30|0x0000000702e00000, 0x0000000702e00000, 0x0000000702f00000|  0%| F|  |TAMS 0x0000000702e00000, 0x0000000702e00000| Untracked 
|  31|0x0000000702f00000, 0x0000000702f00000, 0x0000000703000000|  0%| F|  |TAMS 0x0000000702f00000, 0x0000000702f00000| Untracked 
|  32|0x0000000703000000, 0x0000000703000000, 0x0000000703100000|  0%| F|  |TAMS 0x0000000703000000, 0x0000000703000000| Untracked 
|  33|0x0000000703100000, 0x0000000703100000, 0x0000000703200000|  0%| F|  |TAMS 0x0000000703100000, 0x0000000703100000| Untracked 
|  34|0x0000000703200000, 0x0000000703200000, 0x0000000703300000|  0%| F|  |TAMS 0x0000000703200000, 0x0000000703200000| Untracked 
|  35|0x0000000703300000, 0x0000000703300000, 0x0000000703400000|  0%| F|  |TAMS 0x0000000703300000, 0x0000000703300000| Untracked 
|  36|0x0000000703400000, 0x0000000703400000, 0x0000000703500000|  0%| F|  |TAMS 0x0000000703400000, 0x0000000703400000| Untracked 
|  37|0x0000000703500000, 0x0000000703500000, 0x0000000703600000|  0%| F|  |TAMS 0x0000000703500000, 0x0000000703500000| Untracked 
|  38|0x0000000703600000, 0x0000000703600000, 0x0000000703700000|  0%| F|  |TAMS 0x0000000703600000, 0x0000000703600000| Untracked 
|  39|0x0000000703700000, 0x0000000703700000, 0x0000000703800000|  0%| F|  |TAMS 0x0000000703700000, 0x0000000703700000| Untracked 
|  40|0x0000000703800000, 0x0000000703800000, 0x0000000703900000|  0%| F|  |TAMS 0x0000000703800000, 0x0000000703800000| Untracked 
|  41|0x0000000703900000, 0x0000000703900000, 0x0000000703a00000|  0%| F|  |TAMS 0x0000000703900000, 0x0000000703900000| Untracked 
|  42|0x0000000703a00000, 0x0000000703a00000, 0x0000000703b00000|  0%| F|  |TAMS 0x0000000703a00000, 0x0000000703a00000| Untracked 
|  43|0x0000000703b00000, 0x0000000703b00000, 0x0000000703c00000|  0%| F|  |TAMS 0x0000000703b00000, 0x0000000703b00000| Untracked 
|  44|0x0000000703c00000, 0x0000000703c00000, 0x0000000703d00000|  0%| F|  |TAMS 0x0000000703c00000, 0x0000000703c00000| Untracked 
|  45|0x0000000703d00000, 0x0000000703d00000, 0x0000000703e00000|  0%| F|  |TAMS 0x0000000703d00000, 0x0000000703d00000| Untracked 
|  46|0x0000000703e00000, 0x0000000703e00000, 0x0000000703f00000|  0%| F|  |TAMS 0x0000000703e00000, 0x0000000703e00000| Untracked 
|  47|0x0000000703f00000, 0x0000000703f00000, 0x0000000704000000|  0%| F|  |TAMS 0x0000000703f00000, 0x0000000703f00000| Untracked 
|  48|0x0000000704000000, 0x0000000704000000, 0x0000000704100000|  0%| F|  |TAMS 0x0000000704000000, 0x0000000704000000| Untracked 
|  49|0x0000000704100000, 0x0000000704100000, 0x0000000704200000|  0%| F|  |TAMS 0x0000000704100000, 0x0000000704100000| Untracked 
|  50|0x0000000704200000, 0x0000000704200000, 0x0000000704300000|  0%| F|  |TAMS 0x0000000704200000, 0x0000000704200000| Untracked 
|  51|0x0000000704300000, 0x0000000704300000, 0x0000000704400000|  0%| F|  |TAMS 0x0000000704300000, 0x0000000704300000| Untracked 
|  52|0x0000000704400000, 0x0000000704400000, 0x0000000704500000|  0%| F|  |TAMS 0x0000000704400000, 0x0000000704400000| Untracked 
|  53|0x0000000704500000, 0x0000000704500000, 0x0000000704600000|  0%| F|  |TAMS 0x0000000704500000, 0x0000000704500000| Untracked 
|  54|0x0000000704600000, 0x0000000704600000, 0x0000000704700000|  0%| F|  |TAMS 0x0000000704600000, 0x0000000704600000| Untracked 
|  55|0x0000000704700000, 0x0000000704700000, 0x0000000704800000|  0%| F|  |TAMS 0x0000000704700000, 0x0000000704700000| Untracked 
|  56|0x0000000704800000, 0x0000000704800000, 0x0000000704900000|  0%| F|  |TAMS 0x0000000704800000, 0x0000000704800000| Untracked 
|  57|0x0000000704900000, 0x0000000704900000, 0x0000000704a00000|  0%| F|  |TAMS 0x0000000704900000, 0x0000000704900000| Untracked 
|  58|0x0000000704a00000, 0x0000000704a00000, 0x0000000704b00000|  0%| F|  |TAMS 0x0000000704a00000, 0x0000000704a00000| Untracked 
|  59|0x0000000704b00000, 0x0000000704b00000, 0x0000000704c00000|  0%| F|  |TAMS 0x0000000704b00000, 0x0000000704b00000| Untracked 
|  60|0x0000000704c00000, 0x0000000704c00000, 0x0000000704d00000|  0%| F|  |TAMS 0x0000000704c00000, 0x0000000704c00000| Untracked 
|  61|0x0000000704d00000, 0x0000000704d00000, 0x0000000704e00000|  0%| F|  |TAMS 0x0000000704d00000, 0x0000000704d00000| Untracked 
|  62|0x0000000704e00000, 0x0000000704e00000, 0x0000000704f00000|  0%| F|  |TAMS 0x0000000704e00000, 0x0000000704e00000| Untracked 
|  63|0x0000000704f00000, 0x0000000704f00000, 0x0000000705000000|  0%| F|  |TAMS 0x0000000704f00000, 0x0000000704f00000| Untracked 
|  64|0x0000000705000000, 0x0000000705000000, 0x0000000705100000|  0%| F|  |TAMS 0x0000000705000000, 0x0000000705000000| Untracked 
|  65|0x0000000705100000, 0x0000000705100000, 0x0000000705200000|  0%| F|  |TAMS 0x0000000705100000, 0x0000000705100000| Untracked 
|  66|0x0000000705200000, 0x0000000705200000, 0x0000000705300000|  0%| F|  |TAMS 0x0000000705200000, 0x0000000705200000| Untracked 
|  67|0x0000000705300000, 0x0000000705300000, 0x0000000705400000|  0%| F|  |TAMS 0x0000000705300000, 0x0000000705300000| Untracked 
|  68|0x0000000705400000, 0x0000000705400000, 0x0000000705500000|  0%| F|  |TAMS 0x0000000705400000, 0x0000000705400000| Untracked 
|  69|0x0000000705500000, 0x0000000705500000, 0x0000000705600000|  0%| F|  |TAMS 0x0000000705500000, 0x0000000705500000| Untracked 
|  70|0x0000000705600000, 0x0000000705600000, 0x0000000705700000|  0%| F|  |TAMS 0x0000000705600000, 0x0000000705600000| Untracked 
|  71|0x0000000705700000, 0x0000000705700000, 0x0000000705800000|  0%| F|  |TAMS 0x0000000705700000, 0x0000000705700000| Untracked 
|  72|0x0000000705800000, 0x0000000705800000, 0x0000000705900000|  0%| F|  |TAMS 0x0000000705800000, 0x0000000705800000| Untracked 
|  73|0x0000000705900000, 0x0000000705900000, 0x0000000705a00000|  0%| F|  |TAMS 0x0000000705900000, 0x0000000705900000| Untracked 
|  74|0x0000000705a00000, 0x0000000705a00000, 0x0000000705b00000|  0%| F|  |TAMS 0x0000000705a00000, 0x0000000705a00000| Untracked 
|  75|0x0000000705b00000, 0x0000000705b00000, 0x0000000705c00000|  0%| F|  |TAMS 0x0000000705b00000, 0x0000000705b00000| Untracked 
|  76|0x0000000705c00000, 0x0000000705c00000, 0x0000000705d00000|  0%| F|  |TAMS 0x0000000705c00000, 0x0000000705c00000| Untracked 
|  77|0x0000000705d00000, 0x0000000705d00000, 0x0000000705e00000|  0%| F|  |TAMS 0x0000000705d00000, 0x0000000705d00000| Untracked 
|  78|0x0000000705e00000, 0x0000000705e00000, 0x0000000705f00000|  0%| F|  |TAMS 0x0000000705e00000, 0x0000000705e00000| Untracked 
|  79|0x0000000705f00000, 0x0000000705f00000, 0x0000000706000000|  0%| F|  |TAMS 0x0000000705f00000, 0x0000000705f00000| Untracked 
|  80|0x0000000706000000, 0x0000000706000000, 0x0000000706100000|  0%| F|  |TAMS 0x0000000706000000, 0x0000000706000000| Untracked 
|  81|0x0000000706100000, 0x0000000706100000, 0x0000000706200000|  0%| F|  |TAMS 0x0000000706100000, 0x0000000706100000| Untracked 
|  82|0x0000000706200000, 0x0000000706200000, 0x0000000706300000|  0%| F|  |TAMS 0x0000000706200000, 0x0000000706200000| Untracked 
|  83|0x0000000706300000, 0x0000000706300000, 0x0000000706400000|  0%| F|  |TAMS 0x0000000706300000, 0x0000000706300000| Untracked 
|  84|0x0000000706400000, 0x0000000706400000, 0x0000000706500000|  0%| F|  |TAMS 0x0000000706400000, 0x0000000706400000| Untracked 
|  85|0x0000000706500000, 0x0000000706500000, 0x0000000706600000|  0%| F|  |TAMS 0x0000000706500000, 0x0000000706500000| Untracked 
|  86|0x0000000706600000, 0x0000000706600000, 0x0000000706700000|  0%| F|  |TAMS 0x0000000706600000, 0x0000000706600000| Untracked 
|  87|0x0000000706700000, 0x0000000706700000, 0x0000000706800000|  0%| F|  |TAMS 0x0000000706700000, 0x0000000706700000| Untracked 
|  88|0x0000000706800000, 0x0000000706800000, 0x0000000706900000|  0%| F|  |TAMS 0x0000000706800000, 0x0000000706800000| Untracked 
|  89|0x0000000706900000, 0x0000000706900000, 0x0000000706a00000|  0%| F|  |TAMS 0x0000000706900000, 0x0000000706900000| Untracked 
|  90|0x0000000706a00000, 0x0000000706a00000, 0x0000000706b00000|  0%| F|  |TAMS 0x0000000706a00000, 0x0000000706a00000| Untracked 
|  91|0x0000000706b00000, 0x0000000706b00000, 0x0000000706c00000|  0%| F|  |TAMS 0x0000000706b00000, 0x0000000706b00000| Untracked 
|  92|0x0000000706c00000, 0x0000000706c00000, 0x0000000706d00000|  0%| F|  |TAMS 0x0000000706c00000, 0x0000000706c00000| Untracked 
|  93|0x0000000706d00000, 0x0000000706d00000, 0x0000000706e00000|  0%| F|  |TAMS 0x0000000706d00000, 0x0000000706d00000| Untracked 
|  94|0x0000000706e00000, 0x0000000706e00000, 0x0000000706f00000|  0%| F|  |TAMS 0x0000000706e00000, 0x0000000706e00000| Untracked 
|  95|0x0000000706f00000, 0x0000000706f00000, 0x0000000707000000|  0%| F|  |TAMS 0x0000000706f00000, 0x0000000706f00000| Untracked 
|  96|0x0000000707000000, 0x0000000707000000, 0x0000000707100000|  0%| F|  |TAMS 0x0000000707000000, 0x0000000707000000| Untracked 
|  97|0x0000000707100000, 0x0000000707100000, 0x0000000707200000|  0%| F|  |TAMS 0x0000000707100000, 0x0000000707100000| Untracked 
|  98|0x0000000707200000, 0x0000000707200000, 0x0000000707300000|  0%| F|  |TAMS 0x0000000707200000, 0x0000000707200000| Untracked 
|  99|0x0000000707300000, 0x0000000707300000, 0x0000000707400000|  0%| F|  |TAMS 0x0000000707300000, 0x0000000707300000| Untracked 
| 100|0x0000000707400000, 0x0000000707400000, 0x0000000707500000|  0%| F|  |TAMS 0x0000000707400000, 0x0000000707400000| Untracked 
| 101|0x0000000707500000, 0x0000000707500000, 0x0000000707600000|  0%| F|  |TAMS 0x0000000707500000, 0x0000000707500000| Untracked 
| 102|0x0000000707600000, 0x0000000707600000, 0x0000000707700000|  0%| F|  |TAMS 0x0000000707600000, 0x0000000707600000| Untracked 
| 103|0x0000000707700000, 0x0000000707700000, 0x0000000707800000|  0%| F|  |TAMS 0x0000000707700000, 0x0000000707700000| Untracked 
| 104|0x0000000707800000, 0x0000000707800000, 0x0000000707900000|  0%| F|  |TAMS 0x0000000707800000, 0x0000000707800000| Untracked 
| 105|0x0000000707900000, 0x0000000707900000, 0x0000000707a00000|  0%| F|  |TAMS 0x0000000707900000, 0x0000000707900000| Untracked 
| 106|0x0000000707a00000, 0x0000000707a00000, 0x0000000707b00000|  0%| F|  |TAMS 0x0000000707a00000, 0x0000000707a00000| Untracked 
| 107|0x0000000707b00000, 0x0000000707b00000, 0x0000000707c00000|  0%| F|  |TAMS 0x0000000707b00000, 0x0000000707b00000| Untracked 
| 108|0x0000000707c00000, 0x0000000707c00000, 0x0000000707d00000|  0%| F|  |TAMS 0x0000000707c00000, 0x0000000707c00000| Untracked 
| 109|0x0000000707d00000, 0x0000000707d00000, 0x0000000707e00000|  0%| F|  |TAMS 0x0000000707d00000, 0x0000000707d00000| Untracked 
| 110|0x0000000707e00000, 0x0000000707e00000, 0x0000000707f00000|  0%| F|  |TAMS 0x0000000707e00000, 0x0000000707e00000| Untracked 
| 111|0x0000000707f00000, 0x0000000707f00000, 0x0000000708000000|  0%| F|  |TAMS 0x0000000707f00000, 0x0000000707f00000| Untracked 
| 112|0x0000000708000000, 0x0000000708000000, 0x0000000708100000|  0%| F|  |TAMS 0x0000000708000000, 0x0000000708000000| Untracked 
| 113|0x0000000708100000, 0x0000000708100000, 0x0000000708200000|  0%| F|  |TAMS 0x0000000708100000, 0x0000000708100000| Untracked 
| 114|0x0000000708200000, 0x0000000708200000, 0x0000000708300000|  0%| F|  |TAMS 0x0000000708200000, 0x0000000708200000| Untracked 
| 115|0x0000000708300000, 0x0000000708300000, 0x0000000708400000|  0%| F|  |TAMS 0x0000000708300000, 0x0000000708300000| Untracked 
| 116|0x0000000708400000, 0x0000000708400000, 0x0000000708500000|  0%| F|  |TAMS 0x0000000708400000, 0x0000000708400000| Untracked 
| 117|0x0000000708500000, 0x0000000708500000, 0x0000000708600000|  0%| F|  |TAMS 0x0000000708500000, 0x0000000708500000| Untracked 
| 118|0x0000000708600000, 0x0000000708600000, 0x0000000708700000|  0%| F|  |TAMS 0x0000000708600000, 0x0000000708600000| Untracked 
| 119|0x0000000708700000, 0x0000000708700000, 0x0000000708800000|  0%| F|  |TAMS 0x0000000708700000, 0x0000000708700000| Untracked 
| 120|0x0000000708800000, 0x0000000708800000, 0x0000000708900000|  0%| F|  |TAMS 0x0000000708800000, 0x0000000708800000| Untracked 
| 121|0x0000000708900000, 0x0000000708900000, 0x0000000708a00000|  0%| F|  |TAMS 0x0000000708900000, 0x0000000708900000| Untracked 
| 122|0x0000000708a00000, 0x0000000708a00000, 0x0000000708b00000|  0%| F|  |TAMS 0x0000000708a00000, 0x0000000708a00000| Untracked 
| 123|0x0000000708b00000, 0x0000000708b00000, 0x0000000708c00000|  0%| F|  |TAMS 0x0000000708b00000, 0x0000000708b00000| Untracked 
| 124|0x0000000708c00000, 0x0000000708c00000, 0x0000000708d00000|  0%| F|  |TAMS 0x0000000708c00000, 0x0000000708c00000| Untracked 
| 125|0x0000000708d00000, 0x0000000708d00000, 0x0000000708e00000|  0%| F|  |TAMS 0x0000000708d00000, 0x0000000708d00000| Untracked 
| 126|0x0000000708e00000, 0x0000000708e00000, 0x0000000708f00000|  0%| F|  |TAMS 0x0000000708e00000, 0x0000000708e00000| Untracked 
| 127|0x0000000708f00000, 0x0000000708f00000, 0x0000000709000000|  0%| F|  |TAMS 0x0000000708f00000, 0x0000000708f00000| Untracked 
| 128|0x0000000709000000, 0x0000000709000000, 0x0000000709100000|  0%| F|  |TAMS 0x0000000709000000, 0x0000000709000000| Untracked 
| 129|0x0000000709100000, 0x0000000709100000, 0x0000000709200000|  0%| F|  |TAMS 0x0000000709100000, 0x0000000709100000| Untracked 
| 130|0x0000000709200000, 0x0000000709200000, 0x0000000709300000|  0%| F|  |TAMS 0x0000000709200000, 0x0000000709200000| Untracked 
| 131|0x0000000709300000, 0x0000000709300000, 0x0000000709400000|  0%| F|  |TAMS 0x0000000709300000, 0x0000000709300000| Untracked 
| 132|0x0000000709400000, 0x0000000709400000, 0x0000000709500000|  0%| F|  |TAMS 0x0000000709400000, 0x0000000709400000| Untracked 
| 133|0x0000000709500000, 0x0000000709500000, 0x0000000709600000|  0%| F|  |TAMS 0x0000000709500000, 0x0000000709500000| Untracked 
| 134|0x0000000709600000, 0x0000000709600000, 0x0000000709700000|  0%| F|  |TAMS 0x0000000709600000, 0x0000000709600000| Untracked 
| 135|0x0000000709700000, 0x0000000709700000, 0x0000000709800000|  0%| F|  |TAMS 0x0000000709700000, 0x0000000709700000| Untracked 
| 136|0x0000000709800000, 0x0000000709800000, 0x0000000709900000|  0%| F|  |TAMS 0x0000000709800000, 0x0000000709800000| Untracked 
| 137|0x0000000709900000, 0x0000000709900000, 0x0000000709a00000|  0%| F|  |TAMS 0x0000000709900000, 0x0000000709900000| Untracked 
| 138|0x0000000709a00000, 0x0000000709a00000, 0x0000000709b00000|  0%| F|  |TAMS 0x0000000709a00000, 0x0000000709a00000| Untracked 
| 139|0x0000000709b00000, 0x0000000709b00000, 0x0000000709c00000|  0%| F|  |TAMS 0x0000000709b00000, 0x0000000709b00000| Untracked 
| 140|0x0000000709c00000, 0x0000000709c00000, 0x0000000709d00000|  0%| F|  |TAMS 0x0000000709c00000, 0x0000000709c00000| Untracked 
| 141|0x0000000709d00000, 0x0000000709d00000, 0x0000000709e00000|  0%| F|  |TAMS 0x0000000709d00000, 0x0000000709d00000| Untracked 
| 142|0x0000000709e00000, 0x0000000709e00000, 0x0000000709f00000|  0%| F|  |TAMS 0x0000000709e00000, 0x0000000709e00000| Untracked 
| 143|0x0000000709f00000, 0x0000000709f00000, 0x000000070a000000|  0%| F|  |TAMS 0x0000000709f00000, 0x0000000709f00000| Untracked 
| 144|0x000000070a000000, 0x000000070a000000, 0x000000070a100000|  0%| F|  |TAMS 0x000000070a000000, 0x000000070a000000| Untracked 
| 145|0x000000070a100000, 0x000000070a100000, 0x000000070a200000|  0%| F|  |TAMS 0x000000070a100000, 0x000000070a100000| Untracked 
| 146|0x000000070a200000, 0x000000070a200000, 0x000000070a300000|  0%| F|  |TAMS 0x000000070a200000, 0x000000070a200000| Untracked 
| 147|0x000000070a300000, 0x000000070a300000, 0x000000070a400000|  0%| F|  |TAMS 0x000000070a300000, 0x000000070a300000| Untracked 
| 148|0x000000070a400000, 0x000000070a400000, 0x000000070a500000|  0%| F|  |TAMS 0x000000070a400000, 0x000000070a400000| Untracked 
| 149|0x000000070a500000, 0x000000070a500000, 0x000000070a600000|  0%| F|  |TAMS 0x000000070a500000, 0x000000070a500000| Untracked 
| 150|0x000000070a600000, 0x000000070a600000, 0x000000070a700000|  0%| F|  |TAMS 0x000000070a600000, 0x000000070a600000| Untracked 
| 151|0x000000070a700000, 0x000000070a700000, 0x000000070a800000|  0%| F|  |TAMS 0x000000070a700000, 0x000000070a700000| Untracked 
| 152|0x000000070a800000, 0x000000070a800000, 0x000000070a900000|  0%| F|  |TAMS 0x000000070a800000, 0x000000070a800000| Untracked 
| 153|0x000000070a900000, 0x000000070a900000, 0x000000070aa00000|  0%| F|  |TAMS 0x000000070a900000, 0x000000070a900000| Untracked 
| 154|0x000000070aa00000, 0x000000070aa00000, 0x000000070ab00000|  0%| F|  |TAMS 0x000000070aa00000, 0x000000070aa00000| Untracked 
| 155|0x000000070ab00000, 0x000000070ab00000, 0x000000070ac00000|  0%| F|  |TAMS 0x000000070ab00000, 0x000000070ab00000| Untracked 
| 156|0x000000070ac00000, 0x000000070ac00000, 0x000000070ad00000|  0%| F|  |TAMS 0x000000070ac00000, 0x000000070ac00000| Untracked 
| 157|0x000000070ad00000, 0x000000070ad00000, 0x000000070ae00000|  0%| F|  |TAMS 0x000000070ad00000, 0x000000070ad00000| Untracked 
| 158|0x000000070ae00000, 0x000000070ae00000, 0x000000070af00000|  0%| F|  |TAMS 0x000000070ae00000, 0x000000070ae00000| Untracked 
| 159|0x000000070af00000, 0x000000070af00000, 0x000000070b000000|  0%| F|  |TAMS 0x000000070af00000, 0x000000070af00000| Untracked 
| 160|0x000000070b000000, 0x000000070b000000, 0x000000070b100000|  0%| F|  |TAMS 0x000000070b000000, 0x000000070b000000| Untracked 
| 161|0x000000070b100000, 0x000000070b100000, 0x000000070b200000|  0%| F|  |TAMS 0x000000070b100000, 0x000000070b100000| Untracked 
| 162|0x000000070b200000, 0x000000070b200000, 0x000000070b300000|  0%| F|  |TAMS 0x000000070b200000, 0x000000070b200000| Untracked 
| 163|0x000000070b300000, 0x000000070b300000, 0x000000070b400000|  0%| F|  |TAMS 0x000000070b300000, 0x000000070b300000| Untracked 
| 164|0x000000070b400000, 0x000000070b400000, 0x000000070b500000|  0%| F|  |TAMS 0x000000070b400000, 0x000000070b400000| Untracked 
| 165|0x000000070b500000, 0x000000070b500000, 0x000000070b600000|  0%| F|  |TAMS 0x000000070b500000, 0x000000070b500000| Untracked 
| 166|0x000000070b600000, 0x000000070b600000, 0x000000070b700000|  0%| F|  |TAMS 0x000000070b600000, 0x000000070b600000| Untracked 
| 167|0x000000070b700000, 0x000000070b700000, 0x000000070b800000|  0%| F|  |TAMS 0x000000070b700000, 0x000000070b700000| Untracked 
| 168|0x000000070b800000, 0x000000070b800000, 0x000000070b900000|  0%| F|  |TAMS 0x000000070b800000, 0x000000070b800000| Untracked 
| 169|0x000000070b900000, 0x000000070b900000, 0x000000070ba00000|  0%| F|  |TAMS 0x000000070b900000, 0x000000070b900000| Untracked 
| 170|0x000000070ba00000, 0x000000070ba00000, 0x000000070bb00000|  0%| F|  |TAMS 0x000000070ba00000, 0x000000070ba00000| Untracked 
| 171|0x000000070bb00000, 0x000000070bb00000, 0x000000070bc00000|  0%| F|  |TAMS 0x000000070bb00000, 0x000000070bb00000| Untracked 
| 172|0x000000070bc00000, 0x000000070bc00000, 0x000000070bd00000|  0%| F|  |TAMS 0x000000070bc00000, 0x000000070bc00000| Untracked 
| 173|0x000000070bd00000, 0x000000070bd00000, 0x000000070be00000|  0%| F|  |TAMS 0x000000070bd00000, 0x000000070bd00000| Untracked 
| 174|0x000000070be00000, 0x000000070be00000, 0x000000070bf00000|  0%| F|  |TAMS 0x000000070be00000, 0x000000070be00000| Untracked 
| 175|0x000000070bf00000, 0x000000070bf00000, 0x000000070c000000|  0%| F|  |TAMS 0x000000070bf00000, 0x000000070bf00000| Untracked 
| 176|0x000000070c000000, 0x000000070c000000, 0x000000070c100000|  0%| F|  |TAMS 0x000000070c000000, 0x000000070c000000| Untracked 
| 177|0x000000070c100000, 0x000000070c100000, 0x000000070c200000|  0%| F|  |TAMS 0x000000070c100000, 0x000000070c100000| Untracked 
| 178|0x000000070c200000, 0x000000070c200000, 0x000000070c300000|  0%| F|  |TAMS 0x000000070c200000, 0x000000070c200000| Untracked 
| 179|0x000000070c300000, 0x000000070c300000, 0x000000070c400000|  0%| F|  |TAMS 0x000000070c300000, 0x000000070c300000| Untracked 
| 180|0x000000070c400000, 0x000000070c400000, 0x000000070c500000|  0%| F|  |TAMS 0x000000070c400000, 0x000000070c400000| Untracked 
| 181|0x000000070c500000, 0x000000070c500000, 0x000000070c600000|  0%| F|  |TAMS 0x000000070c500000, 0x000000070c500000| Untracked 
| 182|0x000000070c600000, 0x000000070c600000, 0x000000070c700000|  0%| F|  |TAMS 0x000000070c600000, 0x000000070c600000| Untracked 
| 183|0x000000070c700000, 0x000000070c700000, 0x000000070c800000|  0%| F|  |TAMS 0x000000070c700000, 0x000000070c700000| Untracked 
| 184|0x000000070c800000, 0x000000070c880800, 0x000000070c900000| 50%| E|  |TAMS 0x000000070c800000, 0x000000070c800000| Complete 
| 185|0x000000070c900000, 0x000000070ca00000, 0x000000070ca00000|100%| E|CS|TAMS 0x000000070c900000, 0x000000070c900000| Complete 
| 186|0x000000070ca00000, 0x000000070cb00000, 0x000000070cb00000|100%| E|CS|TAMS 0x000000070ca00000, 0x000000070ca00000| Complete 
| 187|0x000000070cb00000, 0x000000070cc00000, 0x000000070cc00000|100%| E|CS|TAMS 0x000000070cb00000, 0x000000070cb00000| Complete 
| 188|0x000000070cc00000, 0x000000070cd00000, 0x000000070cd00000|100%| E|CS|TAMS 0x000000070cc00000, 0x000000070cc00000| Complete 
| 189|0x000000070cd00000, 0x000000070ce00000, 0x000000070ce00000|100%| E|CS|TAMS 0x000000070cd00000, 0x000000070cd00000| Complete 
| 190|0x000000070ce00000, 0x000000070cf00000, 0x000000070cf00000|100%| E|CS|TAMS 0x000000070ce00000, 0x000000070ce00000| Complete 
| 191|0x000000070cf00000, 0x000000070d000000, 0x000000070d000000|100%| E|CS|TAMS 0x000000070cf00000, 0x000000070cf00000| Complete 
| 192|0x000000070d000000, 0x000000070d100000, 0x000000070d100000|100%| E|CS|TAMS 0x000000070d000000, 0x000000070d000000| Complete 
| 193|0x000000070d100000, 0x000000070d200000, 0x000000070d200000|100%| E|CS|TAMS 0x000000070d100000, 0x000000070d100000| Complete 
| 194|0x000000070d200000, 0x000000070d300000, 0x000000070d300000|100%| E|CS|TAMS 0x000000070d200000, 0x000000070d200000| Complete 
| 195|0x000000070d300000, 0x000000070d400000, 0x000000070d400000|100%| E|CS|TAMS 0x000000070d300000, 0x000000070d300000| Complete 
| 196|0x000000070d400000, 0x000000070d500000, 0x000000070d500000|100%| E|CS|TAMS 0x000000070d400000, 0x000000070d400000| Complete 
| 197|0x000000070d500000, 0x000000070d600000, 0x000000070d600000|100%| E|CS|TAMS 0x000000070d500000, 0x000000070d500000| Complete 
| 198|0x000000070d600000, 0x000000070d700000, 0x000000070d700000|100%| E|CS|TAMS 0x000000070d600000, 0x000000070d600000| Complete 
| 199|0x000000070d700000, 0x000000070d800000, 0x000000070d800000|100%| E|CS|TAMS 0x000000070d700000, 0x000000070d700000| Complete 
| 200|0x000000070d800000, 0x000000070d900000, 0x000000070d900000|100%| E|CS|TAMS 0x000000070d800000, 0x000000070d800000| Complete 
| 201|0x000000070d900000, 0x000000070da00000, 0x000000070da00000|100%| E|CS|TAMS 0x000000070d900000, 0x000000070d900000| Complete 
| 202|0x000000070da00000, 0x000000070db00000, 0x000000070db00000|100%| E|CS|TAMS 0x000000070da00000, 0x000000070da00000| Complete 
| 203|0x000000070db00000, 0x000000070dc00000, 0x000000070dc00000|100%| E|CS|TAMS 0x000000070db00000, 0x000000070db00000| Complete 
| 204|0x000000070dc00000, 0x000000070dd00000, 0x000000070dd00000|100%| E|CS|TAMS 0x000000070dc00000, 0x000000070dc00000| Complete 
| 205|0x000000070dd00000, 0x000000070de00000, 0x000000070de00000|100%| E|CS|TAMS 0x000000070dd00000, 0x000000070dd00000| Complete 
| 206|0x000000070de00000, 0x000000070df00000, 0x000000070df00000|100%| E|CS|TAMS 0x000000070de00000, 0x000000070de00000| Complete 
| 207|0x000000070df00000, 0x000000070e000000, 0x000000070e000000|100%| E|CS|TAMS 0x000000070df00000, 0x000000070df00000| Complete 
| 208|0x000000070e000000, 0x000000070e100000, 0x000000070e100000|100%| E|CS|TAMS 0x000000070e000000, 0x000000070e000000| Complete 
| 209|0x000000070e100000, 0x000000070e200000, 0x000000070e200000|100%| E|CS|TAMS 0x000000070e100000, 0x000000070e100000| Complete 
| 210|0x000000070e200000, 0x000000070e300000, 0x000000070e300000|100%| E|CS|TAMS 0x000000070e200000, 0x000000070e200000| Complete 
| 211|0x000000070e300000, 0x000000070e400000, 0x000000070e400000|100%| E|CS|TAMS 0x000000070e300000, 0x000000070e300000| Complete 
| 212|0x000000070e400000, 0x000000070e500000, 0x000000070e500000|100%| E|CS|TAMS 0x000000070e400000, 0x000000070e400000| Complete 
| 213|0x000000070e500000, 0x000000070e600000, 0x000000070e600000|100%| E|CS|TAMS 0x000000070e500000, 0x000000070e500000| Complete 
| 214|0x000000070e600000, 0x000000070e700000, 0x000000070e700000|100%| E|CS|TAMS 0x000000070e600000, 0x000000070e600000| Complete 
| 215|0x000000070e700000, 0x000000070e800000, 0x000000070e800000|100%| E|CS|TAMS 0x000000070e700000, 0x000000070e700000| Complete 
| 216|0x000000070e800000, 0x000000070e900000, 0x000000070e900000|100%| E|CS|TAMS 0x000000070e800000, 0x000000070e800000| Complete 
| 217|0x000000070e900000, 0x000000070ea00000, 0x000000070ea00000|100%| E|CS|TAMS 0x000000070e900000, 0x000000070e900000| Complete 
| 218|0x000000070ea00000, 0x000000070eb00000, 0x000000070eb00000|100%| E|CS|TAMS 0x000000070ea00000, 0x000000070ea00000| Complete 
| 219|0x000000070eb00000, 0x000000070ec00000, 0x000000070ec00000|100%| E|CS|TAMS 0x000000070eb00000, 0x000000070eb00000| Complete 
| 220|0x000000070ec00000, 0x000000070ec55f20, 0x000000070ed00000| 33%| S|CS|TAMS 0x000000070ec00000, 0x000000070ec00000| Complete 
| 221|0x000000070ed00000, 0x000000070ee00000, 0x000000070ee00000|100%| S|CS|TAMS 0x000000070ed00000, 0x000000070ed00000| Complete 
| 222|0x000000070ee00000, 0x000000070ef00000, 0x000000070ef00000|100%| S|CS|TAMS 0x000000070ee00000, 0x000000070ee00000| Complete 
| 223|0x000000070ef00000, 0x000000070f000000, 0x000000070f000000|100%| S|CS|TAMS 0x000000070ef00000, 0x000000070ef00000| Complete 
| 224|0x000000070f000000, 0x000000070f100000, 0x000000070f100000|100%| E|CS|TAMS 0x000000070f000000, 0x000000070f000000| Complete 
| 225|0x000000070f100000, 0x000000070f200000, 0x000000070f200000|100%| E|CS|TAMS 0x000000070f100000, 0x000000070f100000| Complete 
| 226|0x000000070f200000, 0x000000070f300000, 0x000000070f300000|100%| E|CS|TAMS 0x000000070f200000, 0x000000070f200000| Complete 
| 227|0x000000070f300000, 0x000000070f400000, 0x000000070f400000|100%| E|CS|TAMS 0x000000070f300000, 0x000000070f300000| Complete 
| 228|0x000000070f400000, 0x000000070f500000, 0x000000070f500000|100%| E|CS|TAMS 0x000000070f400000, 0x000000070f400000| Complete 
| 229|0x000000070f500000, 0x000000070f600000, 0x000000070f600000|100%| E|CS|TAMS 0x000000070f500000, 0x000000070f500000| Complete 
| 230|0x000000070f600000, 0x000000070f700000, 0x000000070f700000|100%| E|CS|TAMS 0x000000070f600000, 0x000000070f600000| Complete 
| 231|0x000000070f700000, 0x000000070f800000, 0x000000070f800000|100%| E|CS|TAMS 0x000000070f700000, 0x000000070f700000| Complete 
| 232|0x000000070f800000, 0x000000070f900000, 0x000000070f900000|100%| E|CS|TAMS 0x000000070f800000, 0x000000070f800000| Complete 
| 233|0x000000070f900000, 0x000000070fa00000, 0x000000070fa00000|100%| E|CS|TAMS 0x000000070f900000, 0x000000070f900000| Complete 
| 234|0x000000070fa00000, 0x000000070fb00000, 0x000000070fb00000|100%| E|CS|TAMS 0x000000070fa00000, 0x000000070fa00000| Complete 
| 235|0x000000070fb00000, 0x000000070fc00000, 0x000000070fc00000|100%| E|CS|TAMS 0x000000070fb00000, 0x000000070fb00000| Complete 
| 236|0x000000070fc00000, 0x000000070fd00000, 0x000000070fd00000|100%| E|CS|TAMS 0x000000070fc00000, 0x000000070fc00000| Complete 
| 237|0x000000070fd00000, 0x000000070fe00000, 0x000000070fe00000|100%| E|CS|TAMS 0x000000070fd00000, 0x000000070fd00000| Complete 
| 238|0x000000070fe00000, 0x000000070ff00000, 0x000000070ff00000|100%| E|CS|TAMS 0x000000070fe00000, 0x000000070fe00000| Complete 
| 239|0x000000070ff00000, 0x0000000710000000, 0x0000000710000000|100%| E|CS|TAMS 0x000000070ff00000, 0x000000070ff00000| Complete 
| 240|0x0000000710000000, 0x0000000710100000, 0x0000000710100000|100%| E|CS|TAMS 0x0000000710000000, 0x0000000710000000| Complete 
| 241|0x0000000710100000, 0x0000000710200000, 0x0000000710200000|100%| E|CS|TAMS 0x0000000710100000, 0x0000000710100000| Complete 
| 242|0x0000000710200000, 0x0000000710300000, 0x0000000710300000|100%| E|CS|TAMS 0x0000000710200000, 0x0000000710200000| Complete 
| 243|0x0000000710300000, 0x0000000710400000, 0x0000000710400000|100%| E|CS|TAMS 0x0000000710300000, 0x0000000710300000| Complete 
| 244|0x0000000710400000, 0x0000000710500000, 0x0000000710500000|100%| E|CS|TAMS 0x0000000710400000, 0x0000000710400000| Complete 
| 245|0x0000000710500000, 0x0000000710600000, 0x0000000710600000|100%| E|CS|TAMS 0x0000000710500000, 0x0000000710500000| Complete 
| 246|0x0000000710600000, 0x0000000710700000, 0x0000000710700000|100%| E|CS|TAMS 0x0000000710600000, 0x0000000710600000| Complete 
| 247|0x0000000710700000, 0x0000000710800000, 0x0000000710800000|100%| E|CS|TAMS 0x0000000710700000, 0x0000000710700000| Complete 
| 248|0x0000000710800000, 0x0000000710900000, 0x0000000710900000|100%| E|CS|TAMS 0x0000000710800000, 0x0000000710800000| Complete 
| 249|0x0000000710900000, 0x0000000710a00000, 0x0000000710a00000|100%| E|CS|TAMS 0x0000000710900000, 0x0000000710900000| Complete 
| 250|0x0000000710a00000, 0x0000000710b00000, 0x0000000710b00000|100%| E|CS|TAMS 0x0000000710a00000, 0x0000000710a00000| Complete 
| 251|0x0000000710b00000, 0x0000000710c00000, 0x0000000710c00000|100%| E|CS|TAMS 0x0000000710b00000, 0x0000000710b00000| Complete 
| 252|0x0000000710c00000, 0x0000000710d00000, 0x0000000710d00000|100%| E|CS|TAMS 0x0000000710c00000, 0x0000000710c00000| Complete 
| 253|0x0000000710d00000, 0x0000000710e00000, 0x0000000710e00000|100%| E|CS|TAMS 0x0000000710d00000, 0x0000000710d00000| Complete 
| 254|0x0000000710e00000, 0x0000000710f00000, 0x0000000710f00000|100%| E|CS|TAMS 0x0000000710e00000, 0x0000000710e00000| Complete 
| 255|0x0000000710f00000, 0x0000000711000000, 0x0000000711000000|100%| E|CS|TAMS 0x0000000710f00000, 0x0000000710f00000| Complete 

Card table byte_map: [0x0000024b17470000,0x0000024b17c70000] _byte_map_base: 0x0000024b13c68000

Marking Bits (Prev, Next): (CMBitMap*) 0x0000024b7bbdfc10, (CMBitMap*) 0x0000024b7bbdfbd8
 Prev Bits: [0x0000024b1c430000, 0x0000024b203f0000)
 Next Bits: [0x0000024b18470000, 0x0000024b1c430000)

Polling page: 0x0000024b00000000

Metaspace:

Usage:
  Non-class:     21.52 MB capacity,    21.13 MB ( 98%) used,   356.52 KB (  2%) free+waste,    46.19 KB ( <1%) overhead. 
      Class:      2.77 MB capacity,     2.56 MB ( 92%) used,   197.25 KB (  7%) free+waste,    20.75 KB ( <1%) overhead. 
       Both:     24.29 MB capacity,    23.69 MB ( 98%) used,   553.77 KB (  2%) free+waste,    66.94 KB ( <1%) overhead. 

Virtual space:
  Non-class space:       22.00 MB reserved,      21.75 MB ( 99%) committed 
      Class space:        1.00 GB reserved,       2.88 MB ( <1%) committed 
             Both:        1.02 GB reserved,      24.62 MB (  2%) committed 

Chunk freelists:
   Non-Class:  5.50 KB
       Class:  1.00 KB
        Both:  6.50 KB

CodeHeap 'non-profiled nmethods': size=120064Kb used=1834Kb max_used=1834Kb free=118229Kb
 bounds [0x0000024b0f0f0000, 0x0000024b0f360000, 0x0000024b16630000]
CodeHeap 'profiled nmethods': size=120000Kb used=8706Kb max_used=8706Kb free=111293Kb
 bounds [0x0000024b07bc0000, 0x0000024b08450000, 0x0000024b0f0f0000]
CodeHeap 'non-nmethods': size=5696Kb used=1128Kb max_used=1175Kb free=4567Kb
 bounds [0x0000024b07630000, 0x0000024b078a0000, 0x0000024b07bc0000]
 total_blobs=4355 nmethods=3912 adapters=354
 compilation: enabled
              stopped_count=0, restarted_count=0
 full_count=0

Compilation events (10 events):
Event: 3.052 Thread 0x0000024b233a7000 3888       1       org.apache.maven.model.Scm::setTag (6 bytes)
Event: 3.052 Thread 0x0000024b233a7000 nmethod 3888 0x0000024b0f2b7610 code [0x0000024b0f2b77a0, 0x0000024b0f2b78b8]
Event: 3.052 Thread 0x0000024b233a7000 3889       3       org.apache.maven.model.interpolation.StringVisitorModelInterpolator$ModelVisitor::visit (107 bytes)
Event: 3.053 Thread 0x0000024b233a7000 nmethod 3889 0x0000024b08428490 code [0x0000024b084286c0, 0x0000024b08429338]
Event: 3.053 Thread 0x0000024b233a7000 3892       3       org.apache.maven.model.management.DefaultPluginManagementInjector$ManagementModelMerger::mergePlugin_Executions (208 bytes)
Event: 3.054 Thread 0x0000024b233a7000 nmethod 3892 0x0000024b08429710 code [0x0000024b08429b60, 0x0000024b0842c158]
Event: 3.054 Thread 0x0000024b233a7000 3890       3       java.util.concurrent.ConcurrentHashMap$MapEntry::setValue (37 bytes)
Event: 3.054 Thread 0x0000024b233a7000 nmethod 3890 0x0000024b0842cd10 code [0x0000024b0842cee0, 0x0000024b0842d218]
Event: 3.054 Thread 0x0000024b233a2800 nmethod 3873 0x0000024b0f2b7910 code [0x0000024b0f2b7ac0, 0x0000024b0f2b8128]
Event: 3.054 Thread 0x0000024b233a2800 3886       4       java.util.concurrent.ConcurrentHashMap::putAll (63 bytes)

GC Heap History (8 events):
Event: 0.528 GC heap before
{Heap before GC invocations=0 (full 0):
 garbage-first heap   total 262144K, used 14336K [0x0000000701000000, 0x0000000800000000)
  region size 1024K, 14 young (14336K), 0 survivors (0K)
 Metaspace       used 10852K, capacity 11048K, committed 11136K, reserved 1058816K
  class space    used 1030K, capacity 1114K, committed 1152K, reserved 1048576K
}
Event: 0.532 GC heap after
{Heap after GC invocations=1 (full 0):
 garbage-first heap   total 262144K, used 3148K [0x0000000701000000, 0x0000000800000000)
  region size 1024K, 2 young (2048K), 2 survivors (2048K)
 Metaspace       used 10852K, capacity 11048K, committed 11136K, reserved 1058816K
  class space    used 1030K, capacity 1114K, committed 1152K, reserved 1048576K
}
Event: 0.802 GC heap before
{Heap before GC invocations=1 (full 0):
 garbage-first heap   total 262144K, used 13388K [0x0000000701000000, 0x0000000800000000)
  region size 1024K, 12 young (12288K), 2 survivors (2048K)
 Metaspace       used 13251K, capacity 13423K, committed 13568K, reserved 1060864K
  class space    used 1355K, capacity 1460K, committed 1536K, reserved 1048576K
}
Event: 0.805 GC heap after
{Heap after GC invocations=2 (full 0):
 garbage-first heap   total 262144K, used 3767K [0x0000000701000000, 0x0000000800000000)
  region size 1024K, 1 young (1024K), 1 survivors (1024K)
 Metaspace       used 13251K, capacity 13423K, committed 13568K, reserved 1060864K
  class space    used 1355K, capacity 1460K, committed 1536K, reserved 1048576K
}
Event: 1.384 GC heap before
{Heap before GC invocations=2 (full 0):
 garbage-first heap   total 262144K, used 33463K [0x0000000701000000, 0x0000000800000000)
  region size 1024K, 30 young (30720K), 1 survivors (1024K)
 Metaspace       used 15691K, capacity 15959K, committed 16128K, reserved 1062912K
  class space    used 1659K, capacity 1789K, committed 1792K, reserved 1048576K
}
Event: 1.387 GC heap after
{Heap after GC invocations=3 (full 0):
 garbage-first heap   total 262144K, used 4702K [0x0000000701000000, 0x0000000800000000)
  region size 1024K, 2 young (2048K), 2 survivors (2048K)
 Metaspace       used 15691K, capacity 15959K, committed 16128K, reserved 1062912K
  class space    used 1659K, capacity 1789K, committed 1792K, reserved 1048576K
}
Event: 2.020 GC heap before
{Heap before GC invocations=3 (full 0):
 garbage-first heap   total 262144K, used 34398K [0x0000000701000000, 0x0000000800000000)
  region size 1024K, 32 young (32768K), 2 survivors (2048K)
 Metaspace       used 20813K, capacity 21136K, committed 21248K, reserved 1069056K
  class space    used 2311K, capacity 2467K, committed 2560K, reserved 1048576K
}
Event: 2.024 GC heap after
{Heap after GC invocations=4 (full 0):
 garbage-first heap   total 262144K, used 6635K [0x0000000701000000, 0x0000000800000000)
  region size 1024K, 4 young (4096K), 4 survivors (4096K)
 Metaspace       used 20813K, capacity 21136K, committed 21248K, reserved 1069056K
  class space    used 2311K, capacity 2467K, committed 2560K, reserved 1048576K
}

Deoptimization events (10 events):
Event: 2.876 Thread 0x0000024b7bb80000 Uncommon trap: reason=class_check action=maybe_recompile pc=0x0000024b0f13427c method=java.util.concurrent.ConcurrentHashMap.putVal(Ljava/lang/Object;Ljava/lang/Object;Z)Ljava/lang/Object; @ 242 c2
Event: 2.948 Thread 0x0000024b7bb80000 Uncommon trap: reason=unstable_if action=reinterpret pc=0x0000024b0f25dfc0 method=org.apache.maven.model.io.xpp3.MavenXpp3Reader.nextTag(Lorg/codehaus/plexus/util/xml/pull/XmlPullParser;)I @ 9 c2
Event: 3.007 Thread 0x0000024b7bb80000 Uncommon trap: reason=profile_predicate action=maybe_recompile pc=0x0000024b0f2b33f0 method=java.util.regex.Pattern$Slice.match(Ljava/util/regex/Matcher;ILjava/lang/CharSequence;)Z @ 18 c2
Event: 3.007 Thread 0x0000024b7bb80000 Uncommon trap: reason=profile_predicate action=maybe_recompile pc=0x0000024b0f2b33f0 method=java.util.regex.Pattern$Slice.match(Ljava/util/regex/Matcher;ILjava/lang/CharSequence;)Z @ 18 c2
Event: 3.007 Thread 0x0000024b7bb80000 Uncommon trap: reason=profile_predicate action=maybe_recompile pc=0x0000024b0f2b33f0 method=java.util.regex.Pattern$Slice.match(Ljava/util/regex/Matcher;ILjava/lang/CharSequence;)Z @ 18 c2
Event: 3.007 Thread 0x0000024b7bb80000 Uncommon trap: reason=profile_predicate action=maybe_recompile pc=0x0000024b0f2b33f0 method=java.util.regex.Pattern$Slice.match(Ljava/util/regex/Matcher;ILjava/lang/CharSequence;)Z @ 18 c2
Event: 3.047 Thread 0x0000024b7bb80000 Uncommon trap: reason=profile_predicate action=maybe_recompile pc=0x0000024b0f2b66b4 method=java.util.concurrent.ConcurrentHashMap.putAll(Ljava/util/Map;)V @ 28 c2
Event: 3.047 Thread 0x0000024b7bb80000 Uncommon trap: reason=profile_predicate action=maybe_recompile pc=0x0000024b0f2b66b4 method=java.util.concurrent.ConcurrentHashMap.putAll(Ljava/util/Map;)V @ 28 c2
Event: 3.048 Thread 0x0000024b7bb80000 Uncommon trap: reason=profile_predicate action=maybe_recompile pc=0x0000024b0f2b66b4 method=java.util.concurrent.ConcurrentHashMap.putAll(Ljava/util/Map;)V @ 28 c2
Event: 3.050 Thread 0x0000024b7bb80000 Uncommon trap: reason=profile_predicate action=maybe_recompile pc=0x0000024b0f2b66b4 method=java.util.concurrent.ConcurrentHashMap.putAll(Ljava/util/Map;)V @ 28 c2

Classes redefined (0 events):
No events

Internal exceptions (10 events):
Event: 2.134 Thread 0x0000024b7bb80000 Implicit null exception at 0x0000024b0f10e274 to 0x0000024b0f10e808
Event: 2.134 Thread 0x0000024b7bb80000 Implicit null exception at 0x0000024b0f113a74 to 0x0000024b0f113fe8
Event: 2.188 Thread 0x0000024b7bb80000 Exception <a 'java/lang/NoSuchMethodError'{0x0000000710761700}: java.lang.invoke.DirectMethodHandle$Holder.invokeSpecial(Ljava/lang/Object;Ljava/lang/Object;Ljava/lang/Object;Ljava/lang/Object;Ljava/lang/Object;)V> (0x0000000710761700) thrown at [./open/s
Event: 2.192 Thread 0x0000024b7bb80000 Exception <a 'java/lang/NoSuchMethodError'{0x000000071077ea90}: java.lang.invoke.DirectMethodHandle$Holder.invokeVirtual(Ljava/lang/Object;Ljava/lang/Object;Ljava/lang/Object;)Ljava/lang/Object;> (0x000000071077ea90) thrown at [./open/src/hotspot/share/in
Event: 2.195 Thread 0x0000024b7bb80000 Exception <a 'java/lang/NoSuchMethodError'{0x0000000710795868}: java.lang.invoke.DirectMethodHandle$Holder.invokeSpecial(Ljava/lang/Object;Ljava/lang/Object;Ljava/lang/Object;Ljava/lang/Object;Ljava/lang/Object;Ljava/lang/Object;)V> (0x0000000710795868) t
Event: 2.591 Thread 0x0000024b7bb80000 Implicit null exception at 0x0000024b0f23aa23 to 0x0000024b0f23ac84
Event: 2.591 Thread 0x0000024b7bb80000 Implicit null exception at 0x0000024b0f2325f1 to 0x0000024b0f2340d4
Event: 2.591 Thread 0x0000024b7bb80000 Implicit null exception at 0x0000024b0f19f155 to 0x0000024b0f19f324
Event: 2.591 Thread 0x0000024b7bb80000 Implicit null exception at 0x0000024b0f13abd8 to 0x0000024b0f13ac6a
Event: 2.594 Thread 0x0000024b7bb80000 Exception <a 'java/lang/NoSuchMethodError'{0x000000070eb983f8}: java.lang.invoke.DirectMethodHandle$Holder.invokeSpecialIFC(Ljava/lang/Object;Ljava/lang/Object;Ljava/lang/Object;Ljava/lang/Object;)I> (0x000000070eb983f8) thrown at [./open/src/hotspot/shar

Events (10 events):
Event: 3.047 Thread 0x0000024b7bb80000 DEOPT UNPACKING pc=0x0000024b076568af sp=0x000000c06d7fbce0 mode 2
Event: 3.047 Thread 0x0000024b7bb80000 Uncommon trap: trap_request=0xffffffbe fr.pc=0x0000024b0f2b66b4 relative=0x0000000000001274
Event: 3.047 Thread 0x0000024b7bb80000 DEOPT PACKING pc=0x0000024b0f2b66b4 sp=0x000000c06d7fbf50
Event: 3.047 Thread 0x0000024b7bb80000 DEOPT UNPACKING pc=0x0000024b076568af sp=0x000000c06d7fbf30 mode 2
Event: 3.048 Thread 0x0000024b7bb80000 Uncommon trap: trap_request=0xffffffbe fr.pc=0x0000024b0f2b66b4 relative=0x0000000000001274
Event: 3.048 Thread 0x0000024b7bb80000 DEOPT PACKING pc=0x0000024b0f2b66b4 sp=0x000000c06d7fbde0
Event: 3.048 Thread 0x0000024b7bb80000 DEOPT UNPACKING pc=0x0000024b076568af sp=0x000000c06d7fbdc0 mode 2
Event: 3.050 Thread 0x0000024b7bb80000 Uncommon trap: trap_request=0xffffffbe fr.pc=0x0000024b0f2b66b4 relative=0x0000000000001274
Event: 3.050 Thread 0x0000024b7bb80000 DEOPT PACKING pc=0x0000024b0f2b66b4 sp=0x000000c06d7fcbd0
Event: 3.050 Thread 0x0000024b7bb80000 DEOPT UNPACKING pc=0x0000024b076568af sp=0x000000c06d7fcbb0 mode 2


Dynamic libraries:
0x00007ff60b980000 - 0x00007ff60b990000 	C:\Program Files\Java\jdk-11\bin\java.exe
0x00007ff813eb0000 - 0x00007ff8140c7000 	C:\Windows\SYSTEM32\ntdll.dll
0x00007ff813810000 - 0x00007ff8138d4000 	C:\Windows\System32\KERNEL32.DLL
0x00007ff811270000 - 0x00007ff811617000 	C:\Windows\System32\KERNELBASE.dll
0x00007ff8118b0000 - 0x00007ff8119c1000 	C:\Windows\System32\ucrtbase.dll
0x00007ff80c6b0000 - 0x00007ff80c6cb000 	C:\Program Files\Java\jdk-11\bin\VCRUNTIME140.dll
0x00007fffffd10000 - 0x00007fffffd29000 	C:\Program Files\Java\jdk-11\bin\jli.dll
0x00007ff8132d0000 - 0x00007ff813382000 	C:\Windows\System32\ADVAPI32.dll
0x00007ff8139e0000 - 0x00007ff813a87000 	C:\Windows\System32\msvcrt.dll
0x00007ff813220000 - 0x00007ff8132c8000 	C:\Windows\System32\sechost.dll
0x00007ff811a70000 - 0x00007ff811a98000 	C:\Windows\System32\bcrypt.dll
0x00007ff811f90000 - 0x00007ff8120a5000 	C:\Windows\System32\RPCRT4.dll
0x00007ff811de0000 - 0x00007ff811f8e000 	C:\Windows\System32\USER32.dll
0x00007ff811a40000 - 0x00007ff811a66000 	C:\Windows\System32\win32u.dll
0x00007ff8139b0000 - 0x00007ff8139d9000 	C:\Windows\System32\GDI32.dll
0x00007ffffc070000 - 0x00007ffffc303000 	C:\Windows\WinSxS\amd64_microsoft.windows.common-controls_6595b64144ccf1df_6.0.22621.3527_none_270e469b73872a76\COMCTL32.dll
0x00007ff811790000 - 0x00007ff8118a9000 	C:\Windows\System32\gdi32full.dll
0x00007ff8111d0000 - 0x00007ff81126a000 	C:\Windows\System32\msvcp_win.dll
0x00007ff809450000 - 0x00007ff80945a000 	C:\Windows\SYSTEM32\VERSION.dll
0x00007ff812bc0000 - 0x00007ff812bf1000 	C:\Windows\System32\IMM32.DLL
0x00007ff80c710000 - 0x00007ff80c71c000 	C:\Program Files\Java\jdk-11\bin\vcruntime140_1.dll
0x00007fffff880000 - 0x00007fffff90e000 	C:\Program Files\Java\jdk-11\bin\msvcp140.dll
0x00007fffbcf10000 - 0x00007fffbda7d000 	C:\Program Files\Java\jdk-11\bin\server\jvm.dll
0x00007ff811dd0000 - 0x00007ff811dd8000 	C:\Windows\System32\PSAPI.DLL
0x00007ffffc8a0000 - 0x00007ffffc8a9000 	C:\Windows\SYSTEM32\WSOCK32.dll
0x00007ff808360000 - 0x00007ff808394000 	C:\Windows\SYSTEM32\WINMM.dll
0x00007ff811c70000 - 0x00007ff811ce1000 	C:\Windows\System32\WS2_32.dll
0x00007ff8101f0000 - 0x00007ff810208000 	C:\Windows\SYSTEM32\kernel.appcore.dll
0x00007ff80c6f0000 - 0x00007ff80c700000 	C:\Program Files\Java\jdk-11\bin\verify.dll
0x00007fffff9e0000 - 0x00007fffffc12000 	C:\Windows\SYSTEM32\DBGHELP.DLL
0x00007ff812cd0000 - 0x00007ff813058000 	C:\Windows\System32\combase.dll
0x00007ff811cf0000 - 0x00007ff811dc7000 	C:\Windows\System32\OLEAUT32.dll
0x00007ffffd330000 - 0x00007ffffd362000 	C:\Windows\SYSTEM32\dbgcore.DLL
0x00007ff811aa0000 - 0x00007ff811b19000 	C:\Windows\System32\bcryptPrimitives.dll
0x00007fffffce0000 - 0x00007fffffd08000 	C:\Program Files\Java\jdk-11\bin\java.dll
0x00007ff804ba0000 - 0x00007ff804baa000 	C:\Program Files\Java\jdk-11\bin\jimage.dll
0x00007fffff860000 - 0x00007fffff877000 	C:\Program Files\Java\jdk-11\bin\zip.dll
0x00007ff8122f0000 - 0x00007ff812b4c000 	C:\Windows\System32\SHELL32.dll
0x00007ff80f110000 - 0x00007ff80fa06000 	C:\Windows\SYSTEM32\windows.storage.dll
0x00007ff80efd0000 - 0x00007ff80f10e000 	C:\Windows\SYSTEM32\wintypes.dll
0x00007ff813d70000 - 0x00007ff813e65000 	C:\Windows\System32\SHCORE.dll
0x00007ff813c10000 - 0x00007ff813c6e000 	C:\Windows\System32\shlwapi.dll
0x00007ff811100000 - 0x00007ff811121000 	C:\Windows\SYSTEM32\profapi.dll
0x00007fffff840000 - 0x00007fffff859000 	C:\Program Files\Java\jdk-11\bin\net.dll
0x00007ff80a3d0000 - 0x00007ff80a506000 	C:\Windows\SYSTEM32\WINHTTP.dll
0x00007ff810660000 - 0x00007ff8106c9000 	C:\Windows\system32\mswsock.dll
0x00007fffff820000 - 0x00007fffff832000 	C:\Program Files\Java\jdk-11\bin\nio.dll
0x00007ffffedf0000 - 0x00007ffffee14000 	C:\apache-maven-3.9.7\lib\jansi-native\Windows\x86_64\jansi.dll

dbghelp: loaded successfully - version: 4.0.5 - missing functions: none
symbol engine: initialized successfully - sym options: 0x614 - pdb path: .;C:\Program Files\Java\jdk-11\bin;C:\Windows\SYSTEM32;C:\Windows\WinSxS\amd64_microsoft.windows.common-controls_6595b64144ccf1df_6.0.22621.3527_none_270e469b73872a76;C:\Program Files\Java\jdk-11\bin\server;C:\apache-maven-3.9.7\lib\jansi-native\Windows\x86_64

VM Arguments:
jvm_args: -Dclassworlds.conf=C:\\apache-maven-3.9.7\\bin\\m2.conf -Dmaven.home=C:\\apache-maven-3.9.7 -Dlibrary.jansi.path=C:\\apache-maven-3.9.7\\lib\\jansi-native -Dmaven.multiModuleProjectDirectory=C:\\Barbershop 
java_command: org.codehaus.plexus.classworlds.launcher.Launcher clean package spring-boot:run
java_class_path (initial): C:\\apache-maven-3.9.7\\boot\\plexus-classworlds-2.8.0.jar
Launcher Type: SUN_STANDARD

[Global flags]
     intx CICompilerCount                          = 3                                         {product} {ergonomic}
     uint ConcGCThreads                            = 1                                         {product} {ergonomic}
     uint G1ConcRefinementThreads                  = 4                                         {product} {ergonomic}
   size_t G1HeapRegionSize                         = 1048576                                   {product} {ergonomic}
    uintx GCDrainStackTargetSize                   = 64                                        {product} {ergonomic}
   size_t InitialHeapSize                          = 268435456                                 {product} {ergonomic}
   size_t MarkStackSize                            = 4194304                                   {product} {ergonomic}
   size_t MaxHeapSize                              = 4278190080                                {product} {ergonomic}
   size_t MaxNewSize                               = 2566914048                                {product} {ergonomic}
   size_t MinHeapDeltaBytes                        = 1048576                                   {product} {ergonomic}
    uintx NonNMethodCodeHeapSize                   = 5830732                                {pd product} {ergonomic}
    uintx NonProfiledCodeHeapSize                  = 122913754                              {pd product} {ergonomic}
    uintx ProfiledCodeHeapSize                     = 122913754                              {pd product} {ergonomic}
    uintx ReservedCodeCacheSize                    = 251658240                              {pd product} {ergonomic}
     bool SegmentedCodeCache                       = true                                      {product} {ergonomic}
     bool UseCompressedClassPointers               = true                                 {lp64_product} {ergonomic}
     bool UseCompressedOops                        = true                                 {lp64_product} {ergonomic}
     bool UseG1GC                                  = true                                      {product} {ergonomic}
     bool UseLargePagesIndividualAllocation        = false                                  {pd product} {ergonomic}

Logging:
Log output configuration:
 #0: stdout all=warning uptime,level,tags
 #1: stderr all=off uptime,level,tags

Environment Variables:
PATH=C:\Program Files\Common Files\Oracle\Java\javapath;C:\Windows\system32;C:\Windows;C:\Windows\System32\Wbem;C:\Windows\System32\WindowsPowerShell\v1.0\;C:\Windows\System32\OpenSSH\;C:\apache-maven-3.9.7\bin;C:\Program Files\MySQL\MySQL Shell 8.0\bin\;C:\Users\maksp\AppData\Local\Microsoft\WindowsApps;C:\Users\maksp\AppData\Local\Programs\Microsoft VS Code\bin
USERNAME=maksp
OS=Windows_NT
PROCESSOR_IDENTIFIER=AMD64 Family 23 Model 24 Stepping 1, AuthenticAMD



---------------  S Y S T E M  ---------------

OS: Windows 11 , 64 bit Build 22621 (10.0.22621.3527)

CPU:total 4 (initial active 4) (4 cores per cpu, 1 threads per core) family 23 model 24 stepping 1 microcode 0x0, cmov, cx8, fxsr, mmx, sse, sse2, sse3, ssse3, sse4.1, sse4.2, popcnt, avx, avx2, aes, clmul, mmxext, 3dnowpref, lzcnt, sse4a, tsc, tscinvbit, tscinv, bmi1, bmi2, adx, sha, 

Memory: 4k page, system-wide physical 16315M (7825M free)
TotalPageFile size 19259M (AvailPageFile size 6305M)
current process WorkingSet (physical memory assigned to process): 427M, peak: 427M
current process commit charge ("private bytes"): 641M, peak: 641M

vm_info: Java HotSpot(TM) 64-Bit Server VM (11.0.21+9-LTS-193) for windows-amd64 JRE (11.0.21+9-LTS-193), built on Sep 13 2023 11:04:38 by "mach5one" with MS VC++ 17.1 (VS2022)

END.
